<?xml version="1.0" encoding="UTF-8"?>
<!-- Generated by org.testng.reporters.JUnitReportReporter -->
<testsuite hostname="DESKTOP-73GAQH8" failures="0" tests="3" name="practise.DataProviderPractiseTest" time="0.017" errors="0" timestamp="2021-12-23T17:47:30 IST" skipped="0">
  <testcase classname="practise.DataProviderPractiseTest" name="readDataFromdataProviderTest" time="0.002"/>
  <system-out/>
  <testcase classname="practise.DataProviderPractiseTest" name="readDataFromdataProviderTest" time="0.011"/>
  <system-out/>
  <testcase classname="practise.DataProviderPractiseTest" name="readDataFromdataProviderTest" time="0.004"/>
  <system-out/>
</testsuite> <!-- practise.DataProviderPractiseTest -->
